# JRE version: Java(TM) SE Runtime Environment (17.0.2+8) (build 17.0.2+8-LTS-86)
# Java VM: Java HotSpot(TM) 64-Bit Server VM (17.0.2+8-LTS-86, mixed mode, sharing, tiered, compressed oops, compressed class ptrs, g1 gc, windows-amd64)
GC Precious Log:
 CPUs: 16 total, 16 available
 Memory: 6005M
 Large Page Support: Disabled
 NUMA Support: Disabled
 Compressed Oops: Enabled (32-bit)
 Heap Region Size: 1M
 Heap Min Capacity: 8M
 Heap Initial Capacity: 94M
 Heap Max Capacity: 1502M
 Pre-touch: Disabled
 Parallel Workers: 13
 Concurrent Workers: 3
 Concurrent Refinement Workers: 13
 Periodic GC: Disabled
Heap:
 garbage-first heap   total 169984K, used 136685K [0x00000000a2200000, 0x0000000100000000)
  region size 1024K, 52 young (53248K), 1 survivors (1024K)
 Metaspace       used 78322K, committed 78720K, reserved 1122304K
  class space    used 8320K, committed 8512K, reserved 1048576K
GC Heap History (20 events):
Event: 26.082 GC heap before
{Heap before GC invocations=13 (full 0):
 garbage-first heap   total 141312K, used 108405K [0x00000000a2200000, 0x0000000100000000)
  region size 1024K, 49 young (50176K), 6 survivors (6144K)
 Metaspace       used 54948K, committed 55296K, reserved 1097728K
  class space    used 6330K, committed 6528K, reserved 1048576K
}
Event: 26.097 GC heap after
{Heap after GC invocations=14 (full 0):
 garbage-first heap   total 141312K, used 69075K [0x00000000a2200000, 0x0000000100000000)
  region size 1024K, 5 young (5120K), 5 survivors (5120K)
 Metaspace       used 54948K, committed 55296K, reserved 1097728K
  class space    used 6330K, committed 6528K, reserved 1048576K
}
Event: 26.664 GC heap before
{Heap before GC invocations=14 (full 0):
 garbage-first heap   total 141312K, used 79315K [0x00000000a2200000, 0x0000000100000000)
  region size 1024K, 16 young (16384K), 5 survivors (5120K)
 Metaspace       used 55336K, committed 55680K, reserved 1105920K
  class space    used 6342K, committed 6528K, reserved 1048576K
}
Event: 26.675 GC heap after
{Heap after GC invocations=15 (full 0):
 garbage-first heap   total 141312K, used 70854K [0x00000000a2200000, 0x0000000100000000)
  region size 1024K, 2 young (2048K), 2 survivors (2048K)
 Metaspace       used 55336K, committed 55680K, reserved 1105920K
  class space    used 6342K, committed 6528K, reserved 1048576K
}
Event: 28.300 GC heap before
{Heap before GC invocations=16 (full 0):
 garbage-first heap   total 141312K, used 112838K [0x00000000a2200000, 0x0000000100000000)
  region size 1024K, 42 young (43008K), 2 survivors (2048K)
 Metaspace       used 56070K, committed 56448K, reserved 1105920K
  class space    used 6385K, committed 6592K, reserved 1048576K
}
Event: 28.310 GC heap after
{Heap after GC invocations=17 (full 0):
 garbage-first heap   total 141312K, used 74472K [0x00000000a2200000, 0x0000000100000000)
  region size 1024K, 6 young (6144K), 6 survivors (6144K)
 Metaspace       used 56070K, committed 56448K, reserved 1105920K
  class space    used 6385K, committed 6592K, reserved 1048576K
}
Event: 28.363 GC heap before
{Heap before GC invocations=17 (full 0):
 garbage-first heap   total 141312K, used 75496K [0x00000000a2200000, 0x0000000100000000)
  region size 1024K, 7 young (7168K), 6 survivors (6144K)
 Metaspace       used 56084K, committed 56448K, reserved 1105920K
  class space    used 6385K, committed 6592K, reserved 1048576K
}
Event: 28.371 GC heap after
{Heap after GC invocations=18 (full 0):
 garbage-first heap   total 141312K, used 74110K [0x00000000a2200000, 0x0000000100000000)
  region size 1024K, 1 young (1024K), 1 survivors (1024K)
 Metaspace       used 56084K, committed 56448K, reserved 1105920K
  class space    used 6385K, committed 6592K, reserved 1048576K
}
Event: 29.765 GC heap before
{Heap before GC invocations=18 (full 0):
 garbage-first heap   total 141312K, used 113022K [0x00000000a2200000, 0x0000000100000000)
  region size 1024K, 39 young (39936K), 1 survivors (1024K)
 Metaspace       used 56532K, committed 56896K, reserved 1105920K
  class space    used 6404K, committed 6592K, reserved 1048576K
}
Event: 29.774 GC heap after
{Heap after GC invocations=19 (full 0):
 garbage-first heap   total 141312K, used 77473K [0x00000000a2200000, 0x0000000100000000)
  region size 1024K, 5 young (5120K), 5 survivors (5120K)
 Metaspace       used 56532K, committed 56896K, reserved 1105920K
  class space    used 6404K, committed 6592K, reserved 1048576K
}
Event: 31.042 GC heap before
{Heap before GC invocations=20 (full 0):
 garbage-first heap   total 141312K, used 115361K [0x00000000a2200000, 0x0000000100000000)
  region size 1024K, 40 young (40960K), 5 survivors (5120K)
 Metaspace       used 57789K, committed 58176K, reserved 1105920K
  class space    used 6517K, committed 6720K, reserved 1048576K
}
Event: 31.053 GC heap after
{Heap after GC invocations=21 (full 0):
 garbage-first heap   total 141312K, used 81894K [0x00000000a2200000, 0x0000000100000000)
  region size 1024K, 3 young (3072K), 3 survivors (3072K)
 Metaspace       used 57789K, committed 58176K, reserved 1105920K
  class space    used 6517K, committed 6720K, reserved 1048576K
}
Event: 31.114 GC heap before
{Heap before GC invocations=21 (full 0):
 garbage-first heap   total 141312K, used 84966K [0x00000000a2200000, 0x0000000100000000)
  region size 1024K, 6 young (6144K), 3 survivors (3072K)
 Metaspace       used 57829K, committed 58240K, reserved 1105920K
  class space    used 6521K, committed 6720K, reserved 1048576K
}
Event: 31.121 GC heap after
{Heap after GC invocations=22 (full 0):
 garbage-first heap   total 169984K, used 81614K [0x00000000a2200000, 0x0000000100000000)
  region size 1024K, 1 young (1024K), 1 survivors (1024K)
 Metaspace       used 57829K, committed 58240K, reserved 1105920K
  class space    used 6521K, committed 6720K, reserved 1048576K
}
Event: 33.036 GC heap before
{Heap before GC invocations=22 (full 0):
 garbage-first heap   total 169984K, used 135886K [0x00000000a2200000, 0x0000000100000000)
  region size 1024K, 54 young (55296K), 1 survivors (1024K)
 Metaspace       used 66040K, committed 66432K, reserved 1114112K
  class space    used 7309K, committed 7488K, reserved 1048576K
}
Event: 33.044 GC heap after
{Heap after GC invocations=23 (full 0):
 garbage-first heap   total 169984K, used 85862K [0x00000000a2200000, 0x0000000100000000)
  region size 1024K, 5 young (5120K), 5 survivors (5120K)
 Metaspace       used 66040K, committed 66432K, reserved 1114112K
  class space    used 7309K, committed 7488K, reserved 1048576K
}
Event: 34.348 GC heap before
{Heap before GC invocations=24 (full 0):
 garbage-first heap   total 169984K, used 135014K [0x00000000a2200000, 0x0000000100000000)
  region size 1024K, 55 young (56320K), 5 survivors (5120K)
 Metaspace       used 73137K, committed 73536K, reserved 1114112K
  class space    used 7976K, committed 8192K, reserved 1048576K
}
Event: 34.360 GC heap after
{Heap after GC invocations=25 (full 0):
 garbage-first heap   total 169984K, used 86432K [0x00000000a2200000, 0x0000000100000000)
  region size 1024K, 3 young (3072K), 3 survivors (3072K)
 Metaspace       used 73137K, committed 73536K, reserved 1114112K
  class space    used 7976K, committed 8192K, reserved 1048576K
}
Event: 34.653 GC heap before
{Heap before GC invocations=25 (full 0):
 garbage-first heap   total 169984K, used 91552K [0x00000000a2200000, 0x0000000100000000)
  region size 1024K, 8 young (8192K), 3 survivors (3072K)
 Metaspace       used 73376K, committed 73792K, reserved 1122304K
  class space    used 7988K, committed 8192K, reserved 1048576K
}
Event: 34.660 GC heap after
{Heap after GC invocations=26 (full 0):
 garbage-first heap   total 169984K, used 85485K [0x00000000a2200000, 0x0000000100000000)
  region size 1024K, 1 young (1024K), 1 survivors (1024K)
 Metaspace       used 73376K, committed 73792K, reserved 1122304K
  class space    used 7988K, committed 8192K, reserved 1048576K
}

